\BOOKMARK [1][-]{section.1}{\376\377\000V\000e\000r\000y\000\040\000Q\000u\000i\000c\000k\000\040\000G\000u\000i\000d\000e}{}% 1
\BOOKMARK [2][-]{subsection.1.1}{\376\377\000P\000u\000r\000p\000o\000s\000e}{section.1}% 2
\BOOKMARK [2][-]{subsection.1.2}{\376\377\000U\000s\000a\000g\000e}{section.1}% 3
\BOOKMARK [2][-]{subsection.1.3}{\376\377\000T\000h\000e\000\040\000r\000e\000d\000w\000a\000r\000n\000i\000n\000g\000\040\000o\000p\000t\000i\000o\000n}{section.1}% 4
\BOOKMARK [2][-]{subsection.1.4}{\376\377\000R\000e\000q\000u\000i\000r\000e\000m\000e\000n\000t\000s}{section.1}% 5
\BOOKMARK [2][-]{subsection.1.5}{\376\377\000r\000e\000d\000L\000i\000m\000i\000t\000a\000t\000i\000o\000n\000s}{section.1}% 6
\BOOKMARK [2][-]{subsection.1.6}{\376\377\000D\000e\000m\000o\000n\000s\000t\000r\000a\000t\000i\000o\000n}{section.1}% 7
\BOOKMARK [1][-]{section.2}{\376\377\000M\000o\000r\000e\000\040\000d\000e\000t\000a\000i\000l\000e\000d\000\040\000i\000n\000f\000o\000r\000m\000a\000t\000i\000o\000n}{}% 8
\BOOKMARK [2][-]{subsection.2.1}{\376\377\000P\000u\000r\000p\000o\000s\000e}{section.2}% 9
\BOOKMARK [2][-]{subsection.2.2}{\376\377\000T\000h\000e\000\040\000c\000e\000n\000s\000o\000r\000i\000n\000g\000\040\000m\000e\000c\000h\000a\000n\000i\000s\000m}{section.2}% 10
\BOOKMARK [2][-]{subsection.2.3}{\376\377\000T\000h\000e\000\040\000a\000c\000c\000e\000s\000s\000i\000b\000i\000l\000i\000t\000y\000\040\000f\000e\000a\000t\000u\000r\000e}{section.2}% 11
\BOOKMARK [2][-]{subsection.2.4}{\376\377\000B\000u\000g\000s\000\040\000a\000n\000d\000\040\000d\000e\000v\000e\000l\000o\000p\000m\000e\000n\000t}{section.2}% 12
\BOOKMARK [2][-]{subsection.2.5}{\376\377\000L\000i\000c\000e\000n\000s\000i\000n\000g}{section.2}% 13
\BOOKMARK [2][-]{subsection.2.6}{\376\377\000S\000o\000m\000e\000\040\000u\000s\000e\000f\000u\000l\000\040\000a\000d\000v\000i\000c\000e}{section.2}% 14
\BOOKMARK [1][-]{section.3}{\376\377\000I\000m\000p\000l\000e\000m\000e\000n\000t\000a\000t\000i\000o\000n}{}% 15
\BOOKMARK [2][-]{subsection.3.1}{\376\377\000D\000e\000p\000e\000n\000d\000e\000n\000c\000i\000e\000s}{section.3}% 16
\BOOKMARK [2][-]{subsection.3.2}{\376\377\000f\000o\000n\000t\000s}{section.3}% 17
\BOOKMARK [2][-]{subsection.3.3}{\376\377\000R\000e\000m\000o\000v\000i\000n\000g\000\040\000p\000e\000s\000k\000y\000\040\000e\000n\000v\000i\000r\000o\000n\000m\000e\000n\000t\000s}{section.3}% 18
\BOOKMARK [2][-]{subsection.3.4}{\376\377\000T\000h\000e\000\040\000`\000c\000n\000s\000r\000'\000\040\000c\000o\000m\000m\000a\000n\000d}{section.3}% 19
\BOOKMARK [2][-]{subsection.3.5}{\376\377\000t\000h\000e\000\040\000L\000u\000a\000\040\000m\000a\000g\000i\000c}{section.3}% 20
\BOOKMARK [2][-]{subsection.3.6}{\376\377\000T\000h\000e\000\040\000`\000r\000e\000d\000w\000a\000r\000n\000i\000n\000g\000'\000\040\000o\000p\000t\000i\000o\000n}{section.3}% 21
\BOOKMARK [1][-]{section.4}{\376\377\000V\000e\000r\000s\000i\000o\000n\000\040\000H\000i\000s\000t\000o\000r\000y}{}% 22
\BOOKMARK [2][-]{subsection.4.1}{\376\377\0001\000.\0001\000.\0001}{section.4}% 23
\BOOKMARK [2][-]{subsection.4.2}{\376\377\0001\000.\0001\000.\0000}{section.4}% 24
\BOOKMARK [2][-]{subsection.4.3}{\376\377\0001\000.\0000\000.\0000}{section.4}% 25
